<?xml version="1.0" encoding="UTF-8"?>
<!-- Generated by org.testng.reporters.JUnitReportReporter -->
<testsuite name="com.qmetry.qaf.automation.step.client.Scenario" tests="1" time="18.816" ignored="0" failures="0" timestamp="03 Jul 2018 07:29:00 GMT" skipped="0" hostname="nb-sreevatsa-8" errors="0">
  <testcase name="create a demo user" time="18.816" classname="com.qmetry.qaf.automation.step.client.Scenario"/>
</testsuite> <!-- com.qmetry.qaf.automation.step.client.Scenario -->
